<?xml version="1.0" encoding="UTF-8"?>
<!-- Generated by org.testng.reporters.JUnitReportReporter -->
<testsuite hostname="EPINHYDW0D51" failures="0" tests="7" name="com.epam.TestAutomation.Project.APITesting.Tests.TestAPIOfAttendanceSheet" time="22.338" errors="0" timestamp="2022-03-08T21:21:05 IST" skipped="0">
  <testcase classname="com.epam.TestAutomation.Project.APITesting.Tests.TestAPIOfAttendanceSheet" name="TestGetResponseOfAttendanceSheet" time="3.260"/>
  <system-out/>
  <testcase classname="com.epam.TestAutomation.Project.APITesting.Tests.TestAPIOfAttendanceSheet" name="TestPostResponseOfPunchIn" time="2.065"/>
  <system-out/>
  <testcase classname="com.epam.TestAutomation.Project.APITesting.Tests.TestAPIOfAttendanceSheet" name="TestPostResponseOfValidPunchOut" time="1.619"/>
  <system-out/>
  <testcase classname="com.epam.TestAutomation.Project.APITesting.Tests.TestAPIOfAttendanceSheet" name="TestPostResponseOfPunchInOverlapping" time="1.941"/>
  <system-out/>
  <testcase classname="com.epam.TestAutomation.Project.APITesting.Tests.TestAPIOfAttendanceSheet" name="TestPatchtResponsePunchOutAgainAfterPunchOut" time="1.626"/>
  <system-out/>
  <testcase classname="com.epam.TestAutomation.Project.APITesting.Tests.TestAPIOfAttendanceSheet" name="TestPatchtResponsePunchOutBeforePunchIn" time="3.751"/>
  <system-out/>
  <testcase classname="com.epam.TestAutomation.Project.APITesting.Tests.TestAPIOfAttendanceSheet" name="TestTotalHoursAggregation" time="8.076"/>
  <system-out/>
</testsuite> <!-- com.epam.TestAutomation.Project.APITesting.Tests.TestAPIOfAttendanceSheet -->
