<?xml version="1.0" encoding="UTF-8"?>
<!-- Generated by org.testng.reporters.JUnitReportReporter -->
<testsuite hostname="EPINHYDW0D51" failures="0" tests="7" name="com.epam.TestAutomation.Project.APITesting.Tests.TestAPIOfAttendanceSheet" time="10.456" errors="0" timestamp="2022-03-08T16:24:26 IST" skipped="6">
  <testcase classname="com.epam.TestAutomation.Project.APITesting.Tests.TestAPIOfAttendanceSheet" name="TestTotalHoursAggregation" time="10.456"/>
  <system-out/>
  <testcase classname="com.epam.TestAutomation.Project.APITesting.Tests.TestAPIOfAttendanceSheet" name="TestGetResponseOfAttendanceSheet">
    <skipped/>
  </testcase> <!-- TestGetResponseOfAttendanceSheet -->
  <system-out/>
  <testcase classname="com.epam.TestAutomation.Project.APITesting.Tests.TestAPIOfAttendanceSheet" name="TestPatchtResponseOfInValidPunchOut">
    <skipped/>
  </testcase> <!-- TestPatchtResponseOfInValidPunchOut -->
  <system-out/>
  <testcase classname="com.epam.TestAutomation.Project.APITesting.Tests.TestAPIOfAttendanceSheet" name="TestPostResponseOfValidPunchOut">
    <skipped/>
  </testcase> <!-- TestPostResponseOfValidPunchOut -->
  <system-out/>
  <testcase classname="com.epam.TestAutomation.Project.APITesting.Tests.TestAPIOfAttendanceSheet" name="TestPatchtResponsePunchOutBeforePunchIn">
    <skipped/>
  </testcase> <!-- TestPatchtResponsePunchOutBeforePunchIn -->
  <system-out/>
  <testcase classname="com.epam.TestAutomation.Project.APITesting.Tests.TestAPIOfAttendanceSheet" name="TestPostResponseOfPunchInOverlapping">
    <skipped/>
  </testcase> <!-- TestPostResponseOfPunchInOverlapping -->
  <system-out/>
  <testcase classname="com.epam.TestAutomation.Project.APITesting.Tests.TestAPIOfAttendanceSheet" name="TestPostResponseOfPunchIn">
    <skipped/>
  </testcase> <!-- TestPostResponseOfPunchIn -->
  <system-out/>
</testsuite> <!-- com.epam.TestAutomation.Project.APITesting.Tests.TestAPIOfAttendanceSheet -->
