<?xml version="1.0" encoding="UTF-8"?>
<!-- Generated by org.testng.reporters.JUnitReportReporter -->
<testsuite hostname="EPINHYDW0D51" failures="0" tests="7" name="com.epam.TestAutomation.Project.APITesting.Tests.TestAPIOfAttendanceSheet" time="143.353" errors="0" timestamp="2022-03-08T21:01:56 IST" skipped="0">
  <testcase classname="com.epam.TestAutomation.Project.APITesting.Tests.TestAPIOfAttendanceSheet" name="TestGetResponseOfAttendanceSheet" time="12.194"/>
  <system-out/>
  <testcase classname="com.epam.TestAutomation.Project.APITesting.Tests.TestAPIOfAttendanceSheet" name="TestPostResponseOfPunchIn" time="20.518"/>
  <system-out/>
  <testcase classname="com.epam.TestAutomation.Project.APITesting.Tests.TestAPIOfAttendanceSheet" name="TestPostResponseOfValidPunchOut" time="6.652"/>
  <system-out/>
  <testcase classname="com.epam.TestAutomation.Project.APITesting.Tests.TestAPIOfAttendanceSheet" name="TestPostResponseOfPunchInOverlapping" time="22.952"/>
  <system-out/>
  <testcase classname="com.epam.TestAutomation.Project.APITesting.Tests.TestAPIOfAttendanceSheet" name="TestPatchtResponsePunchOutAgainAfterPunchOut" time="10.148"/>
  <system-out/>
  <testcase classname="com.epam.TestAutomation.Project.APITesting.Tests.TestAPIOfAttendanceSheet" name="TestPatchtResponsePunchOutBeforePunchIn" time="31.240"/>
  <system-out/>
  <testcase classname="com.epam.TestAutomation.Project.APITesting.Tests.TestAPIOfAttendanceSheet" name="TestTotalHoursAggregation" time="39.649"/>
  <system-out/>
</testsuite> <!-- com.epam.TestAutomation.Project.APITesting.Tests.TestAPIOfAttendanceSheet -->
