<?xml version="1.0" encoding="UTF-8"?>
<!-- Generated by org.testng.reporters.JUnitReportReporter -->
<testsuite hostname="EPINHYDW0D51" failures="0" tests="7" name="com.epam.selenium.SeleniumAssignment.TestOrangeHRM" time="61.595" errors="0" timestamp="2022-02-15T23:14:11 IST" skipped="0">
  <testcase classname="com.epam.selenium.SeleniumAssignment.TestOrangeHRM" name="testLogIn" time="22.682"/>
  <system-out/>
  <testcase classname="com.epam.selenium.SeleniumAssignment.TestOrangeHRM" name="testNavigateToUsers" time="2.860"/>
  <system-out/>
  <testcase classname="com.epam.selenium.SeleniumAssignment.TestOrangeHRM" name="testChangeAdminRoleOfuser" time="26.106"/>
  <system-out/>
  <testcase classname="com.epam.selenium.SeleniumAssignment.TestOrangeHRM" name="testTheChangesAdded" time="1.100"/>
  <system-out/>
  <testcase classname="com.epam.selenium.SeleniumAssignment.TestOrangeHRM" name="testChangeWhenAdminRoleRemoved" time="6.065"/>
  <system-out/>
  <testcase classname="com.epam.selenium.SeleniumAssignment.TestOrangeHRM" name="testRemoveAdminRoleChanges" time="1.029"/>
  <system-out/>
  <testcase classname="com.epam.selenium.SeleniumAssignment.TestOrangeHRM" name="testLogOut" time="1.753"/>
  <system-out/>
</testsuite> <!-- com.epam.selenium.SeleniumAssignment.TestOrangeHRM -->
