<?xml version="1.0" encoding="UTF-8"?>
<!-- Generated by org.testng.reporters.JUnitReportReporter -->
<testsuite hostname="EPINHYDW0D51" failures="0" tests="7" name="com.epam.selenium.SeleniumAssignment.TestOrangeHRMWithExplicitTime" time="37.409" errors="0" timestamp="2022-02-17T17:53:42 IST" skipped="0">
  <testcase classname="com.epam.selenium.SeleniumAssignment.TestOrangeHRMWithExplicitTime" name="testLogIn" time="8.745"/>
  <system-out/>
  <testcase classname="com.epam.selenium.SeleniumAssignment.TestOrangeHRMWithExplicitTime" name="testNavigateToUsers" time="0.800"/>
  <system-out/>
  <testcase classname="com.epam.selenium.SeleniumAssignment.TestOrangeHRMWithExplicitTime" name="testChangeAdminRoleOfuser" time="21.722"/>
  <system-out/>
  <testcase classname="com.epam.selenium.SeleniumAssignment.TestOrangeHRMWithExplicitTime" name="testTheChangesAdded" time="1.126"/>
  <system-out/>
  <testcase classname="com.epam.selenium.SeleniumAssignment.TestOrangeHRMWithExplicitTime" name="testChangeWhenAdminRoleRemoved" time="2.174"/>
  <system-out/>
  <testcase classname="com.epam.selenium.SeleniumAssignment.TestOrangeHRMWithExplicitTime" name="testRemoveAdminRoleChanges" time="1.099"/>
  <system-out/>
  <testcase classname="com.epam.selenium.SeleniumAssignment.TestOrangeHRMWithExplicitTime" name="testLogOut" time="1.743"/>
  <system-out/>
</testsuite> <!-- com.epam.selenium.SeleniumAssignment.TestOrangeHRMWithExplicitTime -->
