<?xml version="1.0" encoding="UTF-8"?>
<!-- Generated by org.testng.reporters.JUnitReportReporter -->
<testsuite hostname="EPINHYDW0D51" failures="0" tests="7" name="com.epam.selenium.SeleniumAssignment.TestOrangeHRM" time="64.542" errors="0" timestamp="2022-02-16T10:39:49 IST" skipped="0">
  <testcase classname="com.epam.selenium.SeleniumAssignment.TestOrangeHRM" name="testLogIn" time="15.662"/>
  <system-out/>
  <testcase classname="com.epam.selenium.SeleniumAssignment.TestOrangeHRM" name="testNavigateToUsers" time="2.840"/>
  <system-out/>
  <testcase classname="com.epam.selenium.SeleniumAssignment.TestOrangeHRM" name="testChangeAdminRoleOfuser" time="36.140"/>
  <system-out/>
  <testcase classname="com.epam.selenium.SeleniumAssignment.TestOrangeHRM" name="testTheChangesAdded" time="1.052"/>
  <system-out/>
  <testcase classname="com.epam.selenium.SeleniumAssignment.TestOrangeHRM" name="testChangeWhenAdminRoleRemoved" time="6.047"/>
  <system-out/>
  <testcase classname="com.epam.selenium.SeleniumAssignment.TestOrangeHRM" name="testRemoveAdminRoleChanges" time="1.032"/>
  <system-out/>
  <testcase classname="com.epam.selenium.SeleniumAssignment.TestOrangeHRM" name="testLogOut" time="1.769"/>
  <system-out/>
</testsuite> <!-- com.epam.selenium.SeleniumAssignment.TestOrangeHRM -->
