<?xml version="1.0" encoding="UTF-8"?>
<!-- Generated by org.testng.reporters.JUnitReportReporter -->
<testsuite hostname="EPINHYDW0D51" failures="0" tests="1" name="com.epam.selenium.SeleniumAssignment.TestLogInFunctionalityWithDifferentScenarios" time="0.080" errors="0" timestamp="2022-02-18T11:06:02 IST" skipped="0">
  <testcase classname="com.epam.selenium.SeleniumAssignment.TestLogInFunctionalityWithDifferentScenarios" name="testLogIn" time="0.080"/>
  <system-out/>
</testsuite> <!-- com.epam.selenium.SeleniumAssignment.TestLogInFunctionalityWithDifferentScenarios -->
