<?xml version="1.0" encoding="UTF-8"?>
<!-- Generated by org.testng.reporters.JUnitReportReporter -->
<testsuite hostname="EPINHYDW0D51" failures="0" tests="3" name="com.epam.TestAutomation.Final_Project.TestCases.TestSpeakerAddingFunctionalityViaAPI" time="6.166" errors="0" timestamp="2022-04-21T13:58:44 IST" skipped="0">
  <testcase classname="com.epam.TestAutomation.Final_Project.TestCases.TestSpeakerAddingFunctionalityViaAPI" name="testAddedSpeakerIsDisplayedinUI" time="4.013"/>
  <system-out/>
  <testcase classname="com.epam.TestAutomation.Final_Project.TestCases.TestSpeakerAddingFunctionalityViaAPI" name="testGetResponseOfAddedSpeakerByAPI" time="1.914"/>
  <system-out/>
  <testcase classname="com.epam.TestAutomation.Final_Project.TestCases.TestSpeakerAddingFunctionalityViaAPI" name="testSpeakerDetailsAddedReflectedInDataBase" time="0.239"/>
  <system-out/>
</testsuite> <!-- com.epam.TestAutomation.Final_Project.TestCases.TestSpeakerAddingFunctionalityViaAPI -->
