<?xml version="1.0" encoding="UTF-8"?>
<!-- Generated by org.testng.reporters.JUnitReportReporter -->
<testsuite hostname="EPINHYDW0D51" failures="0" tests="3" name="com.epam.selenium.OrangeHRM.Tests.TestAssigningAndRemovingGlobalAdminToUser" time="35.456" errors="0" timestamp="2022-02-24T00:47:22 IST" skipped="0">
  <testcase classname="com.epam.selenium.OrangeHRM.Tests.TestAssigningAndRemovingGlobalAdminToUser" name="testNavigationToUsersPageFromDashBoardPage" time="1.095"/>
  <system-out/>
  <testcase classname="com.epam.selenium.OrangeHRM.Tests.TestAssigningAndRemovingGlobalAdminToUser" name="testAssigningGlobalAdminRole" time="27.026"/>
  <system-out/>
  <testcase classname="com.epam.selenium.OrangeHRM.Tests.TestAssigningAndRemovingGlobalAdminToUser" name="testRemovingGlobalAdminRole" time="7.335"/>
  <system-out/>
</testsuite> <!-- com.epam.selenium.OrangeHRM.Tests.TestAssigningAndRemovingGlobalAdminToUser -->
