<?xml version="1.0" encoding="UTF-8"?>
<!-- Generated by org.testng.reporters.JUnitReportReporter -->
<testsuite hostname="EPINHYDW0D51" failures="0" tests="10" name="com.epam.TestAutomation.RestAssured.TestPost" time="9.021" errors="0" timestamp="2022-02-11T15:19:30 IST" skipped="0">
  <testcase classname="com.epam.TestAutomation.RestAssured.TestPost" name="testPostObjectGetResponseQueryParam" time="0.751"/>
  <system-out/>
  <testcase classname="com.epam.TestAutomation.RestAssured.TestPost" name="testPostObjectGetResponseQueryParam" time="0.640"/>
  <system-out/>
  <testcase classname="com.epam.TestAutomation.RestAssured.TestPost" name="testPostObjectGetResponseQueryParam" time="0.635"/>
  <system-out/>
  <testcase classname="com.epam.TestAutomation.RestAssured.TestPost" name="testPostObjectGetResponseWithID" time="1.077"/>
  <system-out/>
  <testcase classname="com.epam.TestAutomation.RestAssured.TestPost" name="testPostObjectPostResponse" time="0.814"/>
  <system-out/>
  <testcase classname="com.epam.TestAutomation.RestAssured.TestPost" name="testPostObjectGetResponseQueryParam" time="0.596"/>
  <system-out/>
  <testcase classname="com.epam.TestAutomation.RestAssured.TestPost" name="testPostObjectGetResponse" time="2.139"/>
  <system-out/>
  <testcase classname="com.epam.TestAutomation.RestAssured.TestPost" name="testPostObjectPutResponse" time="0.769"/>
  <system-out/>
  <testcase classname="com.epam.TestAutomation.RestAssured.TestPost" name="testPostObjectGetResponseQueryParam" time="0.779"/>
  <system-out/>
  <testcase classname="com.epam.TestAutomation.RestAssured.TestPost" name="testPostObjectPatchResponse" time="0.821"/>
  <system-out/>
</testsuite> <!-- com.epam.TestAutomation.RestAssured.TestPost -->
