<?xml version="1.0" encoding="UTF-8"?>
<!-- Generated by org.testng.reporters.JUnitReportReporter -->
<testsuite hostname="EPINHYDW0D51" failures="0" tests="12" name="com.epam.TestAutomation.RestAssured.TestResponseByObject" time="41.732" errors="0" timestamp="2022-02-14T21:54:34 IST" skipped="0">
  <testcase classname="com.epam.TestAutomation.RestAssured.TestResponseByObject" name="testPostObjectPostResponse" time="2.043"/>
  <system-out/>
  <testcase classname="com.epam.TestAutomation.RestAssured.TestResponseByObject" name="testPostObjectPostResponse" time="1.198"/>
  <system-out/>
  <testcase classname="com.epam.TestAutomation.RestAssured.TestResponseByObject" name="tesrGetResponseAllPosts" time="24.749"/>
  <system-out/>
  <testcase classname="com.epam.TestAutomation.RestAssured.TestResponseByObject" name="testGetResponseById" time="0.228"/>
  <system-out/>
  <testcase classname="com.epam.TestAutomation.RestAssured.TestResponseByObject" name="testGetResponseById" time="1.328"/>
  <system-out/>
  <testcase classname="com.epam.TestAutomation.RestAssured.TestResponseByObject" name="testPostObjectPostResponse" time="0.847"/>
  <system-out/>
  <testcase classname="com.epam.TestAutomation.RestAssured.TestResponseByObject" name="testGetResponseById" time="0.819"/>
  <system-out/>
  <testcase classname="com.epam.TestAutomation.RestAssured.TestResponseByObject" name="testPostObjectPostResponse" time="1.123"/>
  <system-out/>
  <testcase classname="com.epam.TestAutomation.RestAssured.TestResponseByObject" name="testGetResponseOfComments" time="0.203"/>
  <system-out/>
  <testcase classname="com.epam.TestAutomation.RestAssured.TestResponseByObject" name="testGetResponseById" time="7.766"/>
  <system-out/>
  <testcase classname="com.epam.TestAutomation.RestAssured.TestResponseByObject" name="testGetResponseById" time="0.710"/>
  <system-out/>
  <testcase classname="com.epam.TestAutomation.RestAssured.TestResponseByObject" name="testPostObjectPostResponse" time="0.718"/>
  <system-out/>
</testsuite> <!-- com.epam.TestAutomation.RestAssured.TestResponseByObject -->
