<?xml version="1.0" encoding="UTF-8"?>
<!-- Generated by org.testng.reporters.JUnitReportReporter -->
<testsuite hostname="EPINHYDW0D51" failures="0" tests="1" name="com.epam.TestAutomation.SeleniumUiTesting.TestWebDriver" time="4.520" errors="0" timestamp="2022-02-14T16:20:54 IST" skipped="0">
  <testcase classname="com.epam.TestAutomation.SeleniumUiTesting.TestWebDriver" name="testDriver" time="4.520"/>
  <system-out/>
</testsuite> <!-- com.epam.TestAutomation.SeleniumUiTesting.TestWebDriver -->
