<?xml version="1.0" encoding="UTF-8"?>
<!-- Generated by org.testng.reporters.JUnitReportReporter -->
<testsuite hostname="EPINHYDW0D51" failures="0" tests="42" name="com.epam.TestAutomation.API_Assignment.TestAPI" time="29.597" errors="0" timestamp="2022-02-13T13:16:30 IST" skipped="0">
  <testcase classname="com.epam.TestAutomation.API_Assignment.TestAPI" name="testLogInForUnregisteredUsers" time="0.220"/>
  <system-out/>
  <testcase classname="com.epam.TestAutomation.API_Assignment.TestAPI" name="testRegistration" time="0.295"/>
  <system-out/>
  <testcase classname="com.epam.TestAutomation.API_Assignment.TestAPI" name="testGetResponseWithInvalidToken" time="0.211"/>
  <system-out/>
  <testcase classname="com.epam.TestAutomation.API_Assignment.TestAPI" name="testGetUsersPageWithoutToken" time="1.934"/>
  <system-out/>
  <testcase classname="com.epam.TestAutomation.API_Assignment.TestAPI" name="testLogInWithValidUserNameAndWrongPassword" time="0.295"/>
  <system-out/>
  <testcase classname="com.epam.TestAutomation.API_Assignment.TestAPI" name="testLogInForUnregisteredUsers" time="0.256"/>
  <system-out/>
  <testcase classname="com.epam.TestAutomation.API_Assignment.TestAPI" name="testRegistration" time="0.226"/>
  <system-out/>
  <testcase classname="com.epam.TestAutomation.API_Assignment.TestAPI" name="testLogInWithValidUserNameAndWrongPassword" time="0.408"/>
  <system-out/>
  <testcase classname="com.epam.TestAutomation.API_Assignment.TestAPI" name="testLogInWithValidUserNameAndWrongPassword" time="0.311"/>
  <system-out/>
  <testcase classname="com.epam.TestAutomation.API_Assignment.TestAPI" name="testGetUsersPageInvalidToken" time="0.200"/>
  <system-out/>
  <testcase classname="com.epam.TestAutomation.API_Assignment.TestAPI" name="testRegistration" time="0.255"/>
  <system-out/>
  <testcase classname="com.epam.TestAutomation.API_Assignment.TestAPI" name="testLogInWithValidUserNameAndWrongPassword" time="0.233"/>
  <system-out/>
  <testcase classname="com.epam.TestAutomation.API_Assignment.TestAPI" name="testGetResponseWithInvalidToken" time="0.320"/>
  <system-out/>
  <testcase classname="com.epam.TestAutomation.API_Assignment.TestAPI" name="testLogInForUnregisteredUsers" time="0.240"/>
  <system-out/>
  <testcase classname="com.epam.TestAutomation.API_Assignment.TestAPI" name="testGetUsersRequest" time="2.347"/>
  <system-out/>
  <testcase classname="com.epam.TestAutomation.API_Assignment.TestAPI" name="testGetResponseWithInvalidToken" time="0.304"/>
  <system-out/>
  <testcase classname="com.epam.TestAutomation.API_Assignment.TestAPI" name="testLogIn" time="0.297"/>
  <system-out/>
  <testcase classname="com.epam.TestAutomation.API_Assignment.TestAPI" name="testGetUsersPageInvalidToken" time="0.237"/>
  <system-out/>
  <testcase classname="com.epam.TestAutomation.API_Assignment.TestAPI" name="testGetUsersPageInvalidToken" time="0.252"/>
  <system-out/>
  <testcase classname="com.epam.TestAutomation.API_Assignment.TestAPI" name="testGetUserDetailsRequestWithUserId" time="0.306"/>
  <system-out/>
  <testcase classname="com.epam.TestAutomation.API_Assignment.TestAPI" name="testGetUserDetailsRequestWithUserId" time="0.299"/>
  <system-out/>
  <testcase classname="com.epam.TestAutomation.API_Assignment.TestAPI" name="testFetUserWithIdWithoutToken" time="3.827"/>
  <system-out/>
  <testcase classname="com.epam.TestAutomation.API_Assignment.TestAPI" name="testGetUserDetailsRequestWithUserId" time="0.310"/>
  <system-out/>
  <testcase classname="com.epam.TestAutomation.API_Assignment.TestAPI" name="testLogInForUnregisteredUsers" time="0.245"/>
  <system-out/>
  <testcase classname="com.epam.TestAutomation.API_Assignment.TestAPI" name="testRegistration" time="0.251"/>
  <system-out/>
  <testcase classname="com.epam.TestAutomation.API_Assignment.TestAPI" name="testRegistration" time="0.345"/>
  <system-out/>
  <testcase classname="com.epam.TestAutomation.API_Assignment.TestAPI" name="testGetUserDetailsRequestWithUserId" time="0.205"/>
  <system-out/>
  <testcase classname="com.epam.TestAutomation.API_Assignment.TestAPI" name="testGetUsersRequest" time="2.525"/>
  <system-out/>
  <testcase classname="com.epam.TestAutomation.API_Assignment.TestAPI" name="testLogIn" time="0.438"/>
  <system-out/>
  <testcase classname="com.epam.TestAutomation.API_Assignment.TestAPI" name="testLogIn" time="0.263"/>
  <system-out/>
  <testcase classname="com.epam.TestAutomation.API_Assignment.TestAPI" name="testGetUsersRequest" time="2.405"/>
  <system-out/>
  <testcase classname="com.epam.TestAutomation.API_Assignment.TestAPI" name="testGetUsersRequest" time="3.069"/>
  <system-out/>
  <testcase classname="com.epam.TestAutomation.API_Assignment.TestAPI" name="testLogIn" time="0.372"/>
  <system-out/>
  <testcase classname="com.epam.TestAutomation.API_Assignment.TestAPI" name="testGetUsersPageInvalidToken" time="0.198"/>
  <system-out/>
  <testcase classname="com.epam.TestAutomation.API_Assignment.TestAPI" name="testLogIn" time="0.253"/>
  <system-out/>
  <testcase classname="com.epam.TestAutomation.API_Assignment.TestAPI" name="testLogInWithValidUserNameAndWrongPassword" time="0.312"/>
  <system-out/>
  <testcase classname="com.epam.TestAutomation.API_Assignment.TestAPI" name="testGetUserDetailsRequestWithUserId" time="0.279"/>
  <system-out/>
  <testcase classname="com.epam.TestAutomation.API_Assignment.TestAPI" name="testGetUsersPageInvalidToken" time="0.216"/>
  <system-out/>
  <testcase classname="com.epam.TestAutomation.API_Assignment.TestAPI" name="testGetResponseWithInvalidToken" time="0.281"/>
  <system-out/>
  <testcase classname="com.epam.TestAutomation.API_Assignment.TestAPI" name="testGetUsersRequest" time="2.963"/>
  <system-out/>
  <testcase classname="com.epam.TestAutomation.API_Assignment.TestAPI" name="testLogInForUnregisteredUsers" time="1.153"/>
  <system-out/>
  <testcase classname="com.epam.TestAutomation.API_Assignment.TestAPI" name="testGetResponseWithInvalidToken" time="0.241"/>
  <system-out/>
</testsuite> <!-- com.epam.TestAutomation.API_Assignment.TestAPI -->
