<?xml version="1.0" encoding="UTF-8"?>
<!-- Generated by org.testng.reporters.JUnitReportReporter -->
<testsuite hostname="EPINHYDW0D51" failures="0" tests="14" name="com.epam.TestAutomation.Project.Selenium.Tests.TestAttendanceFeatures" time="79.497" errors="0" timestamp="2022-03-10T03:21:49 IST" skipped="0">
  <testcase classname="com.epam.TestAutomation.Project.Selenium.Tests.TestAttendanceFeatures" name="TestNavigationToAttendanceSheetPage" time="5.647"/>
  <system-out/>
  <testcase classname="com.epam.TestAutomation.Project.Selenium.Tests.TestAttendanceFeatures" name="TestNavigationToPunchInOutPage" time="0.346"/>
  <system-out/>
  <testcase classname="com.epam.TestAutomation.Project.Selenium.Tests.TestAttendanceFeatures" name="TestPunchInIconVisibility" time="9.335"/>
  <system-out/>
  <testcase classname="com.epam.TestAutomation.Project.Selenium.Tests.TestAttendanceFeatures" name="TestNavigationToPunchInOutPageWithPunchInCardFromAttendanceSheetPageOnClickingPunchInIcon" time="2.905"/>
  <system-out/>
  <testcase classname="com.epam.TestAutomation.Project.Selenium.Tests.TestAttendanceFeatures" name="TestPunchInDataAppearsInTimeSheetDetailsAfterPunchIn" time="7.306"/>
  <system-out/>
  <testcase classname="com.epam.TestAutomation.Project.Selenium.Tests.TestAttendanceFeatures" name="TestPunchOutIconVisibilityAfterValidPunchIn" time="0.054"/>
  <system-out/>
  <testcase classname="com.epam.TestAutomation.Project.Selenium.Tests.TestAttendanceFeatures" name="TestNavigationToPunchInOutPageWithPunchOutCardFromAttendanceSheetPageOnClickingPunchOutIcon" time="2.673"/>
  <system-out/>
  <testcase classname="com.epam.TestAutomation.Project.Selenium.Tests.TestAttendanceFeatures" name="TestPunchInDataPresentInPunchOutCard" time="0.059"/>
  <system-out/>
  <testcase classname="com.epam.TestAutomation.Project.Selenium.Tests.TestAttendanceFeatures" name="TestPunchOutDataAppearsInTimeSheetDetailsAfterPunchOut" time="8.605"/>
  <system-out/>
  <testcase classname="com.epam.TestAutomation.Project.Selenium.Tests.TestAttendanceFeatures" name="TestPunchInOverlappingErrorMessageDisplay" time="5.227"/>
  <system-out/>
  <testcase classname="com.epam.TestAutomation.Project.Selenium.Tests.TestAttendanceFeatures" name="TestPunchOutTimeLaterThanIntimeErrorMessageDisplay" time="13.152"/>
  <system-out/>
  <testcase classname="com.epam.TestAutomation.Project.Selenium.Tests.TestAttendanceFeatures" name="TestValidTimeFormatErrorMessage" time="1.595"/>
  <system-out/>
  <testcase classname="com.epam.TestAutomation.Project.Selenium.Tests.TestAttendanceFeatures" name="TestPunchIconToggleAfterDeletingPunchInData" time="7.367"/>
  <system-out/>
  <testcase classname="com.epam.TestAutomation.Project.Selenium.Tests.TestAttendanceFeatures" name="TestPunchCardToggleToPunchOutWhenGivenDateHasPunchedInSession" time="15.226"/>
  <system-out/>
</testsuite> <!-- com.epam.TestAutomation.Project.Selenium.Tests.TestAttendanceFeatures -->
